c:\dev\programming_abstractions_cs106b\programming_abstractions\programming_abstractions\x64\debug\vc143.pdb
c:\dev\programming_abstractions_cs106b\programming_abstractions\programming_abstractions\x64\debug\vc143.idb
c:\dev\programming_abstractions_cs106b\programming_abstractions\programming_abstractions\x64\debug\trie.obj
c:\dev\programming_abstractions_cs106b\programming_abstractions\programming_abstractions\x64\debug\source.obj
c:\dev\programming_abstractions_cs106b\programming_abstractions\programming_abstractions\x64\debug\sorting.obj
c:\dev\programming_abstractions_cs106b\programming_abstractions\programming_abstractions\x64\debug\recursion.obj
c:\dev\programming_abstractions_cs106b\programming_abstractions\programming_abstractions\x64\debug\linkedlist.obj
c:\dev\programming_abstractions_cs106b\programming_abstractions\programming_abstractions\x64\debug\io_files.obj
c:\dev\programming_abstractions_cs106b\programming_abstractions\programming_abstractions\x64\debug\hashset.obj
c:\dev\programming_abstractions_cs106b\programming_abstractions\programming_abstractions\x64\debug\binarytree.obj
c:\dev\programming_abstractions_cs106b\programming_abstractions\programming_abstractions\x64\debug\arraystack.obj
c:\dev\programming_abstractions_cs106b\programming_abstractions\programming_abstractions\x64\debug\setbst.obj
c:\dev\programming_abstractions_cs106b\programming_abstractions\programming_abstractions\x64\debug\ringbufferqueue.obj
c:\dev\programming_abstractions_cs106b\programming_abstractions\programming_abstractions\x64\debug\linkedstack.obj
c:\dev\programming_abstractions_cs106b\programming_abstractions\programming_abstractions\x64\debug\linkedqueue.obj
c:\dev\programming_abstractions_cs106b\programming_abstractions\programming_abstractions\x64\debug\minheap.obj
c:\dev\programming_abstractions_cs106b\programming_abstractions\x64\debug\programming_abstractions.pdb
c:\dev\programming_abstractions_cs106b\programming_abstractions\programming_abstractions\x64\debug\programm.03c84637.tlog\cl.command.1.tlog
c:\dev\programming_abstractions_cs106b\programming_abstractions\programming_abstractions\x64\debug\programm.03c84637.tlog\cl.read.1.tlog
c:\dev\programming_abstractions_cs106b\programming_abstractions\programming_abstractions\x64\debug\programm.03c84637.tlog\cl.write.1.tlog
c:\dev\programming_abstractions_cs106b\programming_abstractions\programming_abstractions\x64\debug\programm.03c84637.tlog\link.21496-cvtres.read.1.tlog
c:\dev\programming_abstractions_cs106b\programming_abstractions\programming_abstractions\x64\debug\programm.03c84637.tlog\link.21496-cvtres.write.1.tlog
c:\dev\programming_abstractions_cs106b\programming_abstractions\programming_abstractions\x64\debug\programm.03c84637.tlog\link.21496-rc.read.1.tlog
c:\dev\programming_abstractions_cs106b\programming_abstractions\programming_abstractions\x64\debug\programm.03c84637.tlog\link.21496-rc.write.1.tlog
c:\dev\programming_abstractions_cs106b\programming_abstractions\programming_abstractions\x64\debug\programm.03c84637.tlog\link.21496.read.1.tlog
c:\dev\programming_abstractions_cs106b\programming_abstractions\programming_abstractions\x64\debug\programm.03c84637.tlog\link.21496.read.2.tlog
c:\dev\programming_abstractions_cs106b\programming_abstractions\programming_abstractions\x64\debug\programm.03c84637.tlog\link.21496.write.1.tlog
c:\dev\programming_abstractions_cs106b\programming_abstractions\programming_abstractions\x64\debug\programm.03c84637.tlog\link.command.1.tlog
c:\dev\programming_abstractions_cs106b\programming_abstractions\programming_abstractions\x64\debug\programm.03c84637.tlog\link.read.1.tlog
c:\dev\programming_abstractions_cs106b\programming_abstractions\programming_abstractions\x64\debug\programm.03c84637.tlog\link.write.1.tlog
